<?xml version="1.0" encoding="UTF-8"?>
<!-- Generated by org.testng.reporters.JUnitXMLReporter -->
<testsuite ignored="4" hostname="DESKTOP-1IMCRMT" failures="0" tests="1" name="Default test" time="9.951" errors="0" timestamp="2022-04-15T00:34:14 IST">
  <testcase classname="Test.LoginTest" name="login" time="9.681"/>
  <testcase classname="Test.BaseTest" name="@AfterSuite tearDown" time="0.0">
    <ignored/>
  </testcase> <!-- @AfterSuite tearDown -->
  <testcase classname="Test.BaseTest" name="@AfterSuite tearDown" time="0.0">
    <ignored/>
  </testcase> <!-- @AfterSuite tearDown -->
  <testcase classname="Test.BaseTest" name="@BeforeSuite inialization" time="0.0">
    <ignored/>
  </testcase> <!-- @BeforeSuite inialization -->
  <testcase classname="Test.BaseTest" name="@BeforeSuite inialization" time="0.0">
    <ignored/>
  </testcase> <!-- @BeforeSuite inialization -->
</testsuite> <!-- Default test -->
