<?xml version="1.0" encoding="UTF-8"?>
<testng-results ignored="0" total="1" passed="1" failed="0" skipped="0">
  <reporter-output>
  </reporter-output>
  <suite started-at="2022-04-01T09:29:26 IST" name="Suite" finished-at="2022-04-01T09:29:34 IST" duration-ms="7619">
    <groups>
    </groups>
    <test started-at="2022-04-01T09:29:26 IST" name="Test" finished-at="2022-04-01T09:29:34 IST" duration-ms="7619">
      <class name="Test.LoginTest">
        <test-method is-config="true" signature="inialization()[pri:0, instance:Test.LoginTest@10d307f1]" started-at="2022-04-01T09:29:11 IST" name="inialization" finished-at="2022-04-01T09:29:26 IST" duration-ms="15260" status="PASS">
          <reporter-output>
          </reporter-output>
        </test-method> <!-- inialization -->
        <test-method signature="login()[pri:0, instance:Test.LoginTest@10d307f1]" started-at="2022-04-01T09:29:26 IST" name="login" finished-at="2022-04-01T09:29:34 IST" duration-ms="7531" status="PASS">
          <reporter-output>
          </reporter-output>
        </test-method> <!-- login -->
        <test-method is-config="true" signature="tearDown()[pri:0, instance:Test.LoginTest@10d307f1]" started-at="2022-04-01T09:29:34 IST" name="tearDown" finished-at="2022-04-01T09:29:34 IST" duration-ms="217" status="PASS">
          <reporter-output>
          </reporter-output>
        </test-method> <!-- tearDown -->
      </class> <!-- Test.LoginTest -->
    </test> <!-- Test -->
  </suite> <!-- Suite -->
</testng-results>
