-------------------------------------------------------------------------------
Test set: TestSuite
-------------------------------------------------------------------------------
Tests run: 1, Failures: 1, Errors: 0, Skipped: 0, Time elapsed: 35.052 s <<< FAILURE! - in TestSuite
Test.LoginTest.login  Time elapsed: 7.675 s  <<< FAILURE!
java.lang.AssertionError: expected [true] but found [false]
	at Test.LoginTest.login(LoginTest.java:21)

