<?xml version="1.0" encoding="UTF-8"?>
<testng-results ignored="0" total="1" passed="1" failed="0" skipped="0">
  <reporter-output>
  </reporter-output>
  <suite started-at="2022-03-30T14:50:16 IST" name="Default suite" finished-at="2022-03-30T14:50:26 IST" duration-ms="9957">
    <groups>
    </groups>
    <test started-at="2022-03-30T14:50:16 IST" name="Default test" finished-at="2022-03-30T14:50:26 IST" duration-ms="9957">
      <class name="Test.LoginTest">
        <test-method is-config="true" signature="inialization()[pri:0, instance:Test.LoginTest@4fb3ee4e]" started-at="2022-03-30T14:49:57 IST" name="inialization" finished-at="2022-03-30T14:50:16 IST" duration-ms="19391" status="PASS">
          <reporter-output>
          </reporter-output>
        </test-method> <!-- inialization -->
        <test-method signature="login()[pri:0, instance:Test.LoginTest@4fb3ee4e]" started-at="2022-03-30T14:50:17 IST" name="login" finished-at="2022-03-30T14:50:26 IST" duration-ms="9812" status="PASS">
          <reporter-output>
          </reporter-output>
        </test-method> <!-- login -->
        <test-method is-config="true" signature="tearDown()[pri:0, instance:Test.LoginTest@4fb3ee4e]" started-at="2022-03-30T14:50:27 IST" name="tearDown" finished-at="2022-03-30T14:50:27 IST" duration-ms="390" status="PASS">
          <reporter-output>
          </reporter-output>
        </test-method> <!-- tearDown -->
      </class> <!-- Test.LoginTest -->
    </test> <!-- Default test -->
  </suite> <!-- Default suite -->
</testng-results>
