<?xml version="1.0" encoding="UTF-8"?>
<testng-results ignored="4" total="5" passed="1" failed="0" skipped="0">
  <reporter-output>
  </reporter-output>
  <suite started-at="2022-04-15T00:34:04 IST" name="Default suite" finished-at="2022-04-15T00:34:14 IST" duration-ms="9951">
    <groups>
    </groups>
    <test started-at="2022-04-15T00:34:04 IST" name="Default test" finished-at="2022-04-15T00:34:14 IST" duration-ms="9951">
      <class name="Utilities.ListenersClass">
        <test-method is-config="true" signature="inialization()[pri:0, instance:Utilities.ListenersClass@2c35e847]" started-at="2022-04-15T00:33:29 IST" name="inialization" finished-at="2022-04-15T00:34:04 IST" duration-ms="34418" status="PASS">
          <reporter-output>
          </reporter-output>
        </test-method> <!-- inialization -->
        <test-method is-config="true" signature="tearDown()[pri:0, instance:Utilities.ListenersClass@2c35e847]" started-at="2022-04-15T00:34:14 IST" name="tearDown" finished-at="2022-04-15T00:34:15 IST" duration-ms="904" status="PASS">
          <reporter-output>
          </reporter-output>
        </test-method> <!-- tearDown -->
      </class> <!-- Utilities.ListenersClass -->
      <class name="Test.LoginTest">
        <test-method signature="login()[pri:0, instance:Test.LoginTest@5d0a1059]" started-at="2022-04-15T00:34:04 IST" name="login" finished-at="2022-04-15T00:34:13 IST" duration-ms="9681" status="PASS">
          <reporter-output>
          </reporter-output>
        </test-method> <!-- login -->
      </class> <!-- Test.LoginTest -->
    </test> <!-- Default test -->
  </suite> <!-- Default suite -->
</testng-results>
